<?xml version="1.0" encoding="UTF-8"?>
<!-- Generated by org.testng.reporters.JUnitReportReporter -->
<testsuite hostname="MSI" failures="0" tests="1" name="day17.Demo1" time="6.424" errors="0" timestamp="2023-07-10T16:53:37 IST" skipped="0">
  <testcase classname="day17.Demo1" name="test" time="6.424"/>
</testsuite> <!-- day17.Demo1 -->
